<?xml version="1.0" encoding="UTF-8"?>
<testng-results skipped="0" failed="0" total="1" passed="1">
  <reporter-output>
  </reporter-output>
  <suite name="Default suite" duration-ms="58" started-at="2019-10-17T13:28:28Z" finished-at="2019-10-17T13:28:28Z">
    <groups>
    </groups>
    <test name="Default test" duration-ms="58" started-at="2019-10-17T13:28:28Z" finished-at="2019-10-17T13:28:28Z">
      <class name="com.actitime.test.Demo">
        <test-method status="PASS" signature="testDemo()[pri:0, instance:com.actitime.test.Demo@326de728]" name="testDemo" duration-ms="31" started-at="2019-10-17T18:58:28Z" finished-at="2019-10-17T18:58:28Z">
          <reporter-output>
          </reporter-output>
        </test-method> <!-- testDemo -->
      </class> <!-- com.actitime.test.Demo -->
    </test> <!-- Default test -->
  </suite> <!-- Default suite -->
</testng-results>
